{
  "RSpec": {
    "coverage": {
      "/var/www/html/app/helpers/application_helper.rb": {
        "lines": [
          1,
          null
        ]
      },
      "/var/www/html/app/helpers/posts_helper.rb": {
        "lines": [
          1,
          null
        ]
      },
      "/var/www/html/app/controllers/posts_controller.rb": {
        "lines": [
          1,
          1,
          null,
          null,
          1,
          1,
          null,
          1,
          null,
          null,
          null,
          1,
          1,
          null,
          null,
          null,
          1,
          2,
          null,
          2,
          1,
          null,
          1,
          null,
          null,
          null,
          null,
          1,
          2,
          1,
          null,
          1,
          null,
          null,
          null,
          null,
          1,
          1,
          null,
          null,
          1,
          null,
          1,
          7,
          null,
          3,
          null,
          null,
          1,
          4,
          null,
          null
        ]
      },
      "/var/www/html/app/controllers/application_controller.rb": {
        "lines": [
          1,
          null,
          null
        ]
      },
      "/var/www/html/app/models/post.rb": {
        "lines": [
          1,
          1,
          1,
          null
        ]
      },
      "/var/www/html/app/models/application_record.rb": {
        "lines": [
          1,
          1,
          null
        ]
      }
    },
    "timestamp": 1747382694
  }
}
